  main.cpp
D:\dev\SoftRenderer\SoftRenderer\FrameBuffer.h(44,20): warning C4244: “=”: 从“const T”转换到“unsigned char”，可能丢失数据
          with
          [
              T=float
          ]
D:\dev\SoftRenderer\SoftRenderer\FrameBuffer.h(45,24): warning C4244: “=”: 从“const T”转换到“unsigned char”，可能丢失数据
          with
          [
              T=float
          ]
D:\dev\SoftRenderer\SoftRenderer\FrameBuffer.h(46,24): warning C4244: “=”: 从“const T”转换到“unsigned char”，可能丢失数据
          with
          [
              T=float
          ]
D:\dev\SoftRenderer\SoftRenderer\FrameBuffer.h(47,24): warning C4244: “=”: 从“const T”转换到“unsigned char”，可能丢失数据
          with
          [
              T=float
          ]
D:\dev\SoftRenderer\SoftRenderer\FrameBuffer.h(56,30): warning C4244: “=”: 从“const T”转换到“_Ty”，可能丢失数据
          with
          [
              T=float
          ]
          and
          [
              _Ty=unsigned char
          ]
D:\dev\SoftRenderer\SoftRenderer\FrameBuffer.h(57,34): warning C4244: “=”: 从“const T”转换到“_Ty”，可能丢失数据
          with
          [
              T=float
          ]
          and
          [
              _Ty=unsigned char
          ]
D:\dev\SoftRenderer\SoftRenderer\FrameBuffer.h(58,34): warning C4244: “=”: 从“const T”转换到“_Ty”，可能丢失数据
          with
          [
              T=float
          ]
          and
          [
              _Ty=unsigned char
          ]
D:\dev\SoftRenderer\SoftRenderer\FrameBuffer.h(59,34): warning C4244: “=”: 从“const T”转换到“_Ty”，可能丢失数据
          with
          [
              T=float
          ]
          and
          [
              _Ty=unsigned char
          ]
D:\dev\SoftRenderer\SoftRenderer\Texture.h(35,38): warning C4244: “参数”: 从“float”转换到“int”，可能丢失数据
D:\dev\SoftRenderer\SoftRenderer\Texture.h(35,21): warning C4244: “参数”: 从“float”转换到“int”，可能丢失数据
D:\dev\SoftRenderer\SoftRenderer\Mesh.h(36,14): warning C4267: “初始化”: 从“size_t”转换到“int”，可能丢失数据
D:\dev\SoftRenderer\SoftRenderer\Mesh.h(44,14): warning C4267: “初始化”: 从“size_t”转换到“int”，可能丢失数据
D:\dev\SoftRenderer\SoftRenderer\Draw.h(70,41): warning C4244: “=”: 从“double”转换到“T”，可能丢失数据
          with
          [
              T=float
          ]
D:\dev\SoftRenderer\SoftRenderer\Draw.h(171,25): warning C4244: “=”: 从“int”转换到“T”，可能丢失数据
          with
          [
              T=float
          ]
D:\dev\SoftRenderer\SoftRenderer\Draw.h(172,10): warning C4244: “初始化”: 从“T”转换到“int”，可能丢失数据
          with
          [
              T=float
          ]
D:\dev\SoftRenderer\SoftRenderer\Draw.h(173,12): warning C4244: “初始化”: 从“T”转换到“int”，可能丢失数据
          with
          [
              T=float
          ]
D:\dev\SoftRenderer\SoftRenderer\Draw.h(182,29): warning C4244: “=”: 从“int”转换到“T”，可能丢失数据
          with
          [
              T=float
          ]
D:\dev\SoftRenderer\SoftRenderer\Draw.h(183,30): warning C4244: “=”: 从“int”转换到“T”，可能丢失数据
          with
          [
              T=float
          ]
D:\dev\SoftRenderer\SoftRenderer\Draw.h(184,49): warning C4244: “=”: 从“int”转换到“T”，可能丢失数据
          with
          [
              T=float
          ]
D:\dev\SoftRenderer\SoftRenderer\Draw.h(194,10): warning C4244: “初始化”: 从“T”转换到“int”，可能丢失数据
          with
          [
              T=float
          ]
D:\dev\SoftRenderer\SoftRenderer\Draw.h(195,12): warning C4244: “初始化”: 从“T”转换到“int”，可能丢失数据
          with
          [
              T=float
          ]
D:\dev\SoftRenderer\SoftRenderer\Draw.h(204,29): warning C4244: “=”: 从“int”转换到“T”，可能丢失数据
          with
          [
              T=float
          ]
D:\dev\SoftRenderer\SoftRenderer\Draw.h(205,30): warning C4244: “=”: 从“int”转换到“T”，可能丢失数据
          with
          [
              T=float
          ]
D:\dev\SoftRenderer\SoftRenderer\Draw.h(206,49): warning C4244: “=”: 从“int”转换到“T”，可能丢失数据
          with
          [
              T=float
          ]
D:\dev\SoftRenderer\SoftRenderer\Draw.h(212,14): warning C4244: “初始化”: 从“T”转换到“int”，可能丢失数据
          with
          [
              T=float
          ]
D:\dev\SoftRenderer\SoftRenderer\Draw.h(220,66): warning C4244: “参数”: 从“T”转换到“const int”，可能丢失数据
          with
          [
              T=float
          ]
D:\dev\SoftRenderer\SoftRenderer\Draw.h(220,51): warning C4244: “参数”: 从“T”转换到“const int”，可能丢失数据
          with
          [
              T=float
          ]
D:\dev\SoftRenderer\SoftRenderer\Draw.h(229,55): warning C4244: “参数”: 从“T”转换到“const int”，可能丢失数据
          with
          [
              T=float
          ]
D:\dev\SoftRenderer\SoftRenderer\Draw.h(229,40): warning C4244: “参数”: 从“T”转换到“const int”，可能丢失数据
          with
          [
              T=float
          ]
D:\dev\SoftRenderer\SoftRenderer\Draw.h(230,55): warning C4244: “参数”: 从“T”转换到“const int”，可能丢失数据
          with
          [
              T=float
          ]
D:\dev\SoftRenderer\SoftRenderer\Draw.h(230,40): warning C4244: “参数”: 从“T”转换到“const int”，可能丢失数据
          with
          [
              T=float
          ]
D:\dev\SoftRenderer\SoftRenderer\main.cpp(152,29): warning C4305: “参数”: 从“double”到“float”截断
D:\dev\SoftRenderer\SoftRenderer\main.cpp(155,30): warning C4305: “参数”: 从“double”到“float”截断
D:\dev\SoftRenderer\SoftRenderer\main.cpp(158,28): warning C4305: “参数”: 从“double”到“float”截断
D:\dev\SoftRenderer\SoftRenderer\main.cpp(161,27): warning C4305: “参数”: 从“double”到“float”截断
D:\dev\SoftRenderer\SoftRenderer\main.cpp(164,24): warning C4305: “参数”: 从“double”到“float”截断
D:\dev\SoftRenderer\SoftRenderer\main.cpp(167,25): warning C4305: “参数”: 从“double”到“float”截断
  正在生成代码
  0 of 1043 functions ( 0.0%) were compiled, the rest were copied from previous compilation.
    0 functions were new in current compilation
    0 functions had inline decision re-evaluated but remain unchanged
  已完成代码的生成
  SoftRenderer.vcxproj -> D:\dev\SoftRenderer\x64\Release\SoftRenderer.exe
